# JRE version: Java(TM) SE Runtime Environment (8.0_151-b12) (build 1.8.0_151-b12)
# Java VM: Java HotSpot(TM) Client VM (25.151-b12 mixed mode windows-x86 )
Heap:
 def new generation   total 5696K, used 1947K [0x04e00000, 0x05420000, 0x1a350000)
  eden space 5120K,  38% used [0x04e00000, 0x04fe6d98, 0x05300000)
  from space 576K,   0% used [0x05300000, 0x05300000, 0x05390000)
  to   space 576K,   0% used [0x05390000, 0x05390000, 0x05420000)
 tenured generation   total 19292K, used 14277K [0x1a350000, 0x1b627000, 0x44e00000)
   the space 19292K,  74% used [0x1a350000, 0x1b1414a0, 0x1b141600, 0x1b627000)
 Metaspace       used 2487K, capacity 2534K, committed 2624K, reserved 4480K
GC Heap History (10 events):
Event: 0.749 GC heap before
{Heap before GC invocations=2 (full 0):
 def new generation   total 4992K, used 3540K [0x04e00000, 0x05360000, 0x1a350000)
  eden space 4480K,  79% used [0x04e00000, 0x05175138, 0x05260000)
  from space 512K,   0% used [0x05260000, 0x05260000, 0x052e0000)
  to   space 512K,   0% used [0x052e0000, 0x052e0000, 0x05360000)
 tenured generation   total 10944K, used 4210K [0x1a350000, 0x1ae00000, 0x44e00000)
   the space 10944K,  38% used [0x1a350000, 0x1a76cbb8, 0x1a76cc00, 0x1ae00000)
 Metaspace       used 2345K, capacity 2406K, committed 2496K, reserved 4480K
Event: 0.751 GC heap after
Heap after GC invocations=3 (full 0):
 def new generation   total 4992K, used 109K [0x04e00000, 0x05360000, 0x1a350000)
  eden space 4480K,   0% used [0x04e00000, 0x04e00000, 0x05260000)
  from space 512K,  21% used [0x052e0000, 0x052fb5f8, 0x05360000)
  to   space 512K,   0% used [0x05260000, 0x05260000, 0x052e0000)
 tenured generation   total 10944K, used 6704K [0x1a350000, 0x1ae00000, 0x44e00000)
   the space 10944K,  61% used [0x1a350000, 0x1a9dc158, 0x1a9dc200, 0x1ae00000)
 Metaspace       used 2345K, capacity 2406K, committed 2496K, reserved 4480K
}
Event: 0.786 GC heap before
{Heap before GC invocations=3 (full 0):
 def new generation   total 4992K, used 4491K [0x04e00000, 0x05360000, 0x1a350000)
  eden space 4480K,  97% used [0x04e00000, 0x052476d0, 0x05260000)
  from space 512K,  21% used [0x052e0000, 0x052fb5f8, 0x05360000)
  to   space 512K,   0% used [0x05260000, 0x05260000, 0x052e0000)
 tenured generation   total 10944K, used 6704K [0x1a350000, 0x1ae00000, 0x44e00000)
   the space 10944K,  61% used [0x1a350000, 0x1a9dc158, 0x1a9dc200, 0x1ae00000)
 Metaspace       used 2346K, capacity 2406K, committed 2496K, reserved 4480K
Event: 0.787 GC heap after
Heap after GC invocations=4 (full 0):
 def new generation   total 4992K, used 272K [0x04e00000, 0x05360000, 0x1a350000)
  eden space 4480K,   0% used [0x04e00000, 0x04e00000, 0x05260000)
  from space 512K,  53% used [0x05260000, 0x052a4390, 0x052e0000)
  to   space 512K,   0% used [0x052e0000, 0x052e0000, 0x05360000)
 tenured generation   total 10944K, used 8136K [0x1a350000, 0x1ae00000, 0x44e00000)
   the space 10944K,  74% used [0x1a350000, 0x1ab423c0, 0x1ab42400, 0x1ae00000)
 Metaspace       used 2346K, capacity 2406K, committed 2496K, reserved 4480K
}
Event: 0.822 GC heap before
{Heap before GC invocations=4 (full 0):
 def new generation   total 4992K, used 4438K [0x04e00000, 0x05360000, 0x1a350000)
  eden space 4480K,  92% used [0x04e00000, 0x052114d8, 0x05260000)
  from space 512K,  53% used [0x05260000, 0x052a4390, 0x052e0000)
  to   space 512K,   0% used [0x052e0000, 0x052e0000, 0x05360000)
 tenured generation   total 10944K, used 8136K [0x1a350000, 0x1ae00000, 0x44e00000)
   the space 10944K,  74% used [0x1a350000, 0x1ab423c0, 0x1ab42400, 0x1ae00000)
 Metaspace       used 2346K, capacity 2406K, committed 2496K, reserved 4480K
Event: 0.823 GC heap after
Heap after GC invocations=5 (full 0):
 def new generation   total 4992K, used 279K [0x04e00000, 0x05360000, 0x1a350000)
  eden space 4480K,   0% used [0x04e00000, 0x04e00000, 0x05260000)
  from space 512K,  54% used [0x052e0000, 0x05325ed8, 0x05360000)
  to   space 512K,   0% used [0x05260000, 0x05260000, 0x052e0000)
 tenured generation   total 10944K, used 9741K [0x1a350000, 0x1ae00000, 0x44e00000)
   the space 10944K,  89% used [0x1a350000, 0x1acd37b0, 0x1acd3800, 0x1ae00000)
 Metaspace       used 2346K, capacity 2406K, committed 2496K, reserved 4480K
}
Event: 0.871 GC heap before
{Heap before GC invocations=5 (full 0):
 def new generation   total 4992K, used 4476K [0x04e00000, 0x05360000, 0x1a350000)
  eden space 4480K,  93% used [0x04e00000, 0x05219320, 0x05260000)
  from space 512K,  54% used [0x052e0000, 0x05325ed8, 0x05360000)
  to   space 512K,   0% used [0x05260000, 0x05260000, 0x052e0000)
 tenured generation   total 10944K, used 9741K [0x1a350000, 0x1ae00000, 0x44e00000)
   the space 10944K,  89% used [0x1a350000, 0x1acd37b0, 0x1acd3800, 0x1ae00000)
 Metaspace       used 2346K, capacity 2406K, committed 2496K, reserved 4480K
Event: 0.877 GC heap after
Heap after GC invocations=6 (full 1):
 def new generation   total 5184K, used 0K [0x04e00000, 0x05390000, 0x1a350000)
  eden space 4672K,   0% used [0x04e00000, 0x04e00000, 0x05290000)
  from space 512K,   0% used [0x05290000, 0x05290000, 0x05310000)
  to   space 512K,   0% used [0x05310000, 0x05310000, 0x05390000)
 tenured generation   total 11364K, used 6817K [0x1a350000, 0x1ae69000, 0x44e00000)
   the space 11364K,  59% used [0x1a350000, 0x1a9f85d8, 0x1a9f8600, 0x1ae69000)
 Metaspace       used 2346K, capacity 2406K, committed 2496K, reserved 4480K
}
Event: 0.977 GC heap before
{Heap before GC invocations=6 (full 1):
 def new generation   total 5184K, used 2796K [0x04e00000, 0x05390000, 0x1a350000)
  eden space 4672K,  59% used [0x04e00000, 0x050bb268, 0x05290000)
  from space 512K,   0% used [0x05290000, 0x05290000, 0x05310000)
  to   space 512K,   0% used [0x05310000, 0x05310000, 0x05390000)
 tenured generation   total 11364K, used 6817K [0x1a350000, 0x1ae69000, 0x44e00000)
   the space 11364K,  59% used [0x1a350000, 0x1a9f85d8, 0x1a9f8600, 0x1ae69000)
 Metaspace       used 2447K, capacity 2470K, committed 2496K, reserved 4480K
Event: 0.980 GC heap after
Heap after GC invocations=7 (full 2):
 def new generation   total 5696K, used 0K [0x04e00000, 0x05420000, 0x1a350000)
  eden space 5120K,   0% used [0x04e00000, 0x04e00000, 0x05300000)
  from space 576K,   0% used [0x05300000, 0x05300000, 0x05390000)
  to   space 576K,   0% used [0x05390000, 0x05390000, 0x05420000)
 tenured generation   total 12528K, used 7516K [0x1a350000, 0x1af8c000, 0x44e00000)
   the space 12528K,  59% used [0x1a350000, 0x1aaa7320, 0x1aaa7400, 0x1af8c000)
 Metaspace       used 2447K, capacity 2470K, committed 2496K, reserved 4480K
}

